# JRE version: OpenJDK Runtime Environment (8.0_76-b03) (build 1.8.0_76-release-b03)
# Java VM: OpenJDK 64-Bit Server VM (25.76-b03 mixed mode windows-amd64 compressed oops)
Heap:
 PSYoungGen      total 145408K, used 83761K [0x00000000e0000000, 0x00000000ee480000, 0x0000000100000000)
  eden space 134144K, 54% used [0x00000000e0000000,0x00000000e46cd120,0x00000000e8300000)
  from space 11264K, 99% used [0x00000000e8300000,0x00000000e8dff308,0x00000000e8e00000)
  to   space 13312K, 0% used [0x00000000ed780000,0x00000000ed780000,0x00000000ee480000)
 ParOldGen       total 44544K, used 16069K [0x00000000a0000000, 0x00000000a2b80000, 0x00000000e0000000)
  object space 44544K, 36% used [0x00000000a0000000,0x00000000a0fb1478,0x00000000a2b80000)
 Metaspace       used 47971K, capacity 49300K, committed 49576K, reserved 1091584K
  class space    used 6431K, capacity 6744K, committed 6832K, reserved 1048576K
GC Heap History (10 events):
Event: 12.058 GC heap before
{Heap before GC invocations=9 (full 1):
 PSYoungGen      total 73728K, used 73100K [0x00000000e0000000, 0x00000000e7980000, 0x0000000100000000)
  eden space 65536K, 100% used [0x00000000e0000000,0x00000000e4000000,0x00000000e4000000)
  from space 8192K, 92% used [0x00000000e4000000,0x00000000e4763290,0x00000000e4800000)
  to   space 9216K, 0% used [0x00000000e7080000,0x00000000e7080000,0x00000000e7980000)
 ParOldGen       total 36864K, used 8240K [0x00000000a0000000, 0x00000000a2400000, 0x00000000e0000000)
  object space 36864K, 22% used [0x00000000a0000000,0x00000000a080c040,0x00000000a2400000)
 Metaspace       used 27888K, capacity 28398K, committed 28848K, reserved 1075200K
  class space    used 3781K, capacity 3929K, committed 4016K, reserved 1048576K
Event: 12.069 GC heap after
Heap after GC invocations=9 (full 1):
 PSYoungGen      total 108032K, used 5254K [0x00000000e0000000, 0x00000000e7600000, 0x0000000100000000)
  eden space 102400K, 0% used [0x00000000e0000000,0x00000000e0000000,0x00000000e6400000)
  from space 5632K, 93% used [0x00000000e7080000,0x00000000e75a1978,0x00000000e7600000)
  to   space 9216K, 0% used [0x00000000e6400000,0x00000000e6400000,0x00000000e6d00000)
 ParOldGen       total 36864K, used 8248K [0x00000000a0000000, 0x00000000a2400000, 0x00000000e0000000)
  object space 36864K, 22% used [0x00000000a0000000,0x00000000a080e040,0x00000000a2400000)
 Metaspace       used 27888K, capacity 28398K, committed 28848K, reserved 1075200K
  class space    used 3781K, capacity 3929K, committed 4016K, reserved 1048576K
}
Event: 17.379 GC heap before
{Heap before GC invocations=10 (full 1):
 PSYoungGen      total 108032K, used 107654K [0x00000000e0000000, 0x00000000e7600000, 0x0000000100000000)
  eden space 102400K, 100% used [0x00000000e0000000,0x00000000e6400000,0x00000000e6400000)
  from space 5632K, 93% used [0x00000000e7080000,0x00000000e75a1978,0x00000000e7600000)
  to   space 9216K, 0% used [0x00000000e6400000,0x00000000e6400000,0x00000000e6d00000)
 ParOldGen       total 36864K, used 8248K [0x00000000a0000000, 0x00000000a2400000, 0x00000000e0000000)
  object space 36864K, 22% used [0x00000000a0000000,0x00000000a080e040,0x00000000a2400000)
 Metaspace       used 34287K, capacity 34852K, committed 35248K, reserved 1079296K
  class space    used 4582K, capacity 4781K, committed 4784K, reserved 1048576K
Event: 17.398 GC heap after
Heap after GC invocations=10 (full 1):
 PSYoungGen      total 111616K, used 9212K [0x00000000e0000000, 0x00000000e9900000, 0x0000000100000000)
  eden space 102400K, 0% used [0x00000000e0000000,0x00000000e0000000,0x00000000e6400000)
  from space 9216K, 99% used [0x00000000e6400000,0x00000000e6cff1f0,0x00000000e6d00000)
  to   space 11264K, 0% used [0x00000000e8e00000,0x00000000e8e00000,0x00000000e9900000)
 ParOldGen       total 36864K, used 10865K [0x00000000a0000000, 0x00000000a2400000, 0x00000000e0000000)
  object space 36864K, 29% used [0x00000000a0000000,0x00000000a0a9c6f0,0x00000000a2400000)
 Metaspace       used 34287K, capacity 34852K, committed 35248K, reserved 1079296K
  class space    used 4582K, capacity 4781K, committed 4784K, reserved 1048576K
}
Event: 17.427 GC heap before
{Heap before GC invocations=11 (full 1):
 PSYoungGen      total 111616K, used 11219K [0x00000000e0000000, 0x00000000e9900000, 0x0000000100000000)
  eden space 102400K, 1% used [0x00000000e0000000,0x00000000e01f5a70,0x00000000e6400000)
  from space 9216K, 99% used [0x00000000e6400000,0x00000000e6cff1f0,0x00000000e6d00000)
  to   space 11264K, 0% used [0x00000000e8e00000,0x00000000e8e00000,0x00000000e9900000)
 ParOldGen       total 36864K, used 10865K [0x00000000a0000000, 0x00000000a2400000, 0x00000000e0000000)
  object space 36864K, 29% used [0x00000000a0000000,0x00000000a0a9c6f0,0x00000000a2400000)
 Metaspace       used 34502K, capacity 35044K, committed 35496K, reserved 1079296K
  class space    used 4611K, capacity 4781K, committed 4784K, reserved 1048576K
Event: 17.444 GC heap after
Heap after GC invocations=11 (full 1):
 PSYoungGen      total 145408K, used 3961K [0x00000000e0000000, 0x00000000eb100000, 0x0000000100000000)
  eden space 134144K, 0% used [0x00000000e0000000,0x00000000e0000000,0x00000000e8300000)
  from space 11264K, 35% used [0x00000000e8e00000,0x00000000e91de590,0x00000000e9900000)
  to   space 11264K, 0% used [0x00000000e8300000,0x00000000e8300000,0x00000000e8e00000)
 ParOldGen       total 36864K, used 14053K [0x00000000a0000000, 0x00000000a2400000, 0x00000000e0000000)
  object space 36864K, 38% used [0x00000000a0000000,0x00000000a0db9738,0x00000000a2400000)
 Metaspace       used 34502K, capacity 35044K, committed 35496K, reserved 1079296K
  class space    used 4611K, capacity 4781K, committed 4784K, reserved 1048576K
}
Event: 17.444 GC heap before
{Heap before GC invocations=12 (full 2):
 PSYoungGen      total 145408K, used 3961K [0x00000000e0000000, 0x00000000eb100000, 0x0000000100000000)
  eden space 134144K, 0% used [0x00000000e0000000,0x00000000e0000000,0x00000000e8300000)
  from space 11264K, 35% used [0x00000000e8e00000,0x00000000e91de590,0x00000000e9900000)
  to   space 11264K, 0% used [0x00000000e8300000,0x00000000e8300000,0x00000000e8e00000)
 ParOldGen       total 36864K, used 14053K [0x00000000a0000000, 0x00000000a2400000, 0x00000000e0000000)
  object space 36864K, 38% used [0x00000000a0000000,0x00000000a0db9738,0x00000000a2400000)
 Metaspace       used 34502K, capacity 35044K, committed 35496K, reserved 1079296K
  class space    used 4611K, capacity 4781K, committed 4784K, reserved 1048576K
Event: 17.520 GC heap after
Heap after GC invocations=12 (full 2):
 PSYoungGen      total 145408K, used 0K [0x00000000e0000000, 0x00000000eb100000, 0x0000000100000000)
  eden space 134144K, 0% used [0x00000000e0000000,0x00000000e0000000,0x00000000e8300000)
  from space 11264K, 0% used [0x00000000e8e00000,0x00000000e8e00000,0x00000000e9900000)
  to   space 11264K, 0% used [0x00000000e8300000,0x00000000e8300000,0x00000000e8e00000)
 ParOldGen       total 44544K, used 13994K [0x00000000a0000000, 0x00000000a2b80000, 0x00000000e0000000)
  object space 44544K, 31% used [0x00000000a0000000,0x00000000a0daaa68,0x00000000a2b80000)
 Metaspace       used 34502K, capacity 35044K, committed 35496K, reserved 1079296K
  class space    used 4611K, capacity 4781K, committed 4784K, reserved 1048576K
}
Event: 21.552 GC heap before
{Heap before GC invocations=13 (full 2):
 PSYoungGen      total 145408K, used 134144K [0x00000000e0000000, 0x00000000eb100000, 0x0000000100000000)
  eden space 134144K, 100% used [0x00000000e0000000,0x00000000e8300000,0x00000000e8300000)
  from space 11264K, 0% used [0x00000000e8e00000,0x00000000e8e00000,0x00000000e9900000)
  to   space 11264K, 0% used [0x00000000e8300000,0x00000000e8300000,0x00000000e8e00000)
 ParOldGen       total 44544K, used 13994K [0x00000000a0000000, 0x00000000a2b80000, 0x00000000e0000000)
  object space 44544K, 31% used [0x00000000a0000000,0x00000000a0daaa68,0x00000000a2b80000)
 Metaspace       used 44013K, capacity 45010K, committed 45352K, reserved 1089536K
  class space    used 5877K, capacity 6091K, committed 6192K, reserved 1048576K
Event: 21.578 GC heap after
Heap after GC invocations=13 (full 2):
 PSYoungGen      total 145408K, used 11260K [0x00000000e0000000, 0x00000000ee480000, 0x0000000100000000)
  eden space 134144K, 0% used [0x00000000e0000000,0x00000000e0000000,0x00000000e8300000)
  from space 11264K, 99% used [0x00000000e8300000,0x00000000e8dff308,0x00000000e8e00000)
  to   space 13312K, 0% used [0x00000000ed780000,0x00000000ed780000,0x00000000ee480000)
 ParOldGen       total 44544K, used 16069K [0x00000000a0000000, 0x00000000a2b80000, 0x00000000e0000000)
  object space 44544K, 36% used [0x00000000a0000000,0x00000000a0fb1478,0x00000000a2b80000)
 Metaspace       used 44013K, capacity 45010K, committed 45352K, reserved 1089536K
  class space    used 5877K, capacity 6091K, committed 6192K, reserved 1048576K
}

