# JRE version: OpenJDK Runtime Environment (8.0_76-b03) (build 1.8.0_76-release-b03)
# Java VM: OpenJDK 64-Bit Server VM (25.76-b03 mixed mode windows-amd64 compressed oops)
Heap:
 PSYoungGen      total 340480K, used 203836K [0x00000000e0000000, 0x00000000fb780000, 0x0000000100000000)
  eden space 295424K, 55% used [0x00000000e0000000,0x00000000ea0c3f70,0x00000000f2080000)
  from space 45056K, 87% used [0x00000000f2080000,0x00000000f46cb2c0,0x00000000f4c80000)
  to   space 50688K, 0% used [0x00000000f8600000,0x00000000f8600000,0x00000000fb780000)
 ParOldGen       total 171520K, used 92453K [0x00000000a0000000, 0x00000000aa780000, 0x00000000e0000000)
  object space 171520K, 53% used [0x00000000a0000000,0x00000000a5a496b0,0x00000000aa780000)
 Metaspace       used 64098K, capacity 65840K, committed 65944K, reserved 1105920K
  class space    used 8161K, capacity 8584K, committed 8608K, reserved 1048576K
GC Heap History (10 events):
Event: 48.578 GC heap before
{Heap before GC invocations=28 (full 4):
 PSYoungGen      total 229376K, used 229349K [0x00000000e0000000, 0x00000000f3380000, 0x0000000100000000)
  eden space 202752K, 100% used [0x00000000e0000000,0x00000000ec600000,0x00000000ec600000)
  from space 26624K, 99% used [0x00000000ec600000,0x00000000edff96c8,0x00000000ee000000)
  to   space 32256K, 0% used [0x00000000f1400000,0x00000000f1400000,0x00000000f3380000)
 ParOldGen       total 130048K, used 72364K [0x00000000a0000000, 0x00000000a7f00000, 0x00000000e0000000)
  object space 130048K, 55% used [0x00000000a0000000,0x00000000a46ab2d8,0x00000000a7f00000)
 Metaspace       used 63309K, capacity 65014K, committed 65176K, reserved 1105920K
  class space    used 8089K, capacity 8483K, committed 8608K, reserved 1048576K
Event: 48.667 GC heap after
Heap after GC invocations=28 (full 4):
 PSYoungGen      total 278016K, used 30306K [0x00000000e0000000, 0x00000000f4500000, 0x0000000100000000)
  eden space 245760K, 0% used [0x00000000e0000000,0x00000000e0000000,0x00000000ef000000)
  from space 32256K, 93% used [0x00000000f1400000,0x00000000f3198800,0x00000000f3380000)
  to   space 36864K, 0% used [0x00000000ef000000,0x00000000ef000000,0x00000000f1400000)
 ParOldGen       total 130048K, used 92126K [0x00000000a0000000, 0x00000000a7f00000, 0x00000000e0000000)
  object space 130048K, 70% used [0x00000000a0000000,0x00000000a59f7b38,0x00000000a7f00000)
 Metaspace       used 63309K, capacity 65014K, committed 65176K, reserved 1105920K
  class space    used 8089K, capacity 8483K, committed 8608K, reserved 1048576K
}
Event: 49.685 GC heap before
{Heap before GC invocations=29 (full 4):
 PSYoungGen      total 278016K, used 276066K [0x00000000e0000000, 0x00000000f4500000, 0x0000000100000000)
  eden space 245760K, 100% used [0x00000000e0000000,0x00000000ef000000,0x00000000ef000000)
  from space 32256K, 93% used [0x00000000f1400000,0x00000000f3198800,0x00000000f3380000)
  to   space 36864K, 0% used [0x00000000ef000000,0x00000000ef000000,0x00000000f1400000)
 ParOldGen       total 130048K, used 92126K [0x00000000a0000000, 0x00000000a7f00000, 0x00000000e0000000)
  object space 130048K, 70% used [0x00000000a0000000,0x00000000a59f7b38,0x00000000a7f00000)
 Metaspace       used 63365K, capacity 65078K, committed 65432K, reserved 1105920K
  class space    used 8089K, capacity 8483K, committed 8608K, reserved 1048576K
Event: 49.769 GC heap after
Heap after GC invocations=29 (full 4):
 PSYoungGen      total 282624K, used 33741K [0x00000000e0000000, 0x00000000f7580000, 0x0000000100000000)
  eden space 245760K, 0% used [0x00000000e0000000,0x00000000e0000000,0x00000000ef000000)
  from space 36864K, 91% used [0x00000000ef000000,0x00000000f10f3470,0x00000000f1400000)
  to   space 41984K, 0% used [0x00000000f4c80000,0x00000000f4c80000,0x00000000f7580000)
 ParOldGen       total 130048K, used 107231K [0x00000000a0000000, 0x00000000a7f00000, 0x00000000e0000000)
  object space 130048K, 82% used [0x00000000a0000000,0x00000000a68b7df0,0x00000000a7f00000)
 Metaspace       used 63365K, capacity 65078K, committed 65432K, reserved 1105920K
  class space    used 8089K, capacity 8483K, committed 8608K, reserved 1048576K
}
Event: 50.545 GC heap before
{Heap before GC invocations=30 (full 4):
 PSYoungGen      total 282624K, used 279501K [0x00000000e0000000, 0x00000000f7580000, 0x0000000100000000)
  eden space 245760K, 100% used [0x00000000e0000000,0x00000000ef000000,0x00000000ef000000)
  from space 36864K, 91% used [0x00000000ef000000,0x00000000f10f3470,0x00000000f1400000)
  to   space 41984K, 0% used [0x00000000f4c80000,0x00000000f4c80000,0x00000000f7580000)
 ParOldGen       total 130048K, used 107231K [0x00000000a0000000, 0x00000000a7f00000, 0x00000000e0000000)
  object space 130048K, 82% used [0x00000000a0000000,0x00000000a68b7df0,0x00000000a7f00000)
 Metaspace       used 63379K, capacity 65078K, committed 65432K, reserved 1105920K
  class space    used 8089K, capacity 8483K, committed 8608K, reserved 1048576K
Event: 50.632 GC heap after
Heap after GC invocations=30 (full 4):
 PSYoungGen      total 337408K, used 32038K [0x00000000e0000000, 0x00000000f7d80000, 0x0000000100000000)
  eden space 295424K, 0% used [0x00000000e0000000,0x00000000e0000000,0x00000000f2080000)
  from space 41984K, 76% used [0x00000000f4c80000,0x00000000f6bc9a08,0x00000000f7580000)
  to   space 45056K, 0% used [0x00000000f2080000,0x00000000f2080000,0x00000000f4c80000)
 ParOldGen       total 130560K, used 130256K [0x00000000a0000000, 0x00000000a7f80000, 0x00000000e0000000)
  object space 130560K, 99% used [0x00000000a0000000,0x00000000a7f343e0,0x00000000a7f80000)
 Metaspace       used 63379K, capacity 65078K, committed 65432K, reserved 1105920K
  class space    used 8089K, capacity 8483K, committed 8608K, reserved 1048576K
}
Event: 50.632 GC heap before
{Heap before GC invocations=31 (full 5):
 PSYoungGen      total 337408K, used 32038K [0x00000000e0000000, 0x00000000f7d80000, 0x0000000100000000)
  eden space 295424K, 0% used [0x00000000e0000000,0x00000000e0000000,0x00000000f2080000)
  from space 41984K, 76% used [0x00000000f4c80000,0x00000000f6bc9a08,0x00000000f7580000)
  to   space 45056K, 0% used [0x00000000f2080000,0x00000000f2080000,0x00000000f4c80000)
 ParOldGen       total 130560K, used 130256K [0x00000000a0000000, 0x00000000a7f80000, 0x00000000e0000000)
  object space 130560K, 99% used [0x00000000a0000000,0x00000000a7f343e0,0x00000000a7f80000)
 Metaspace       used 63379K, capacity 65078K, committed 65432K, reserved 1105920K
  class space    used 8089K, capacity 8483K, committed 8608K, reserved 1048576K
Event: 51.129 GC heap after
Heap after GC invocations=31 (full 5):
 PSYoungGen      total 337408K, used 0K [0x00000000e0000000, 0x00000000f7d80000, 0x0000000100000000)
  eden space 295424K, 0% used [0x00000000e0000000,0x00000000e0000000,0x00000000f2080000)
  from space 41984K, 0% used [0x00000000f4c80000,0x00000000f4c80000,0x00000000f7580000)
  to   space 45056K, 0% used [0x00000000f2080000,0x00000000f2080000,0x00000000f4c80000)
 ParOldGen       total 171520K, used 92453K [0x00000000a0000000, 0x00000000aa780000, 0x00000000e0000000)
  object space 171520K, 53% used [0x00000000a0000000,0x00000000a5a496b0,0x00000000aa780000)
 Metaspace       used 63379K, capacity 65078K, committed 65432K, reserved 1105920K
  class space    used 8089K, capacity 8483K, committed 8608K, reserved 1048576K
}
Event: 51.997 GC heap before
{Heap before GC invocations=32 (full 5):
 PSYoungGen      total 337408K, used 295424K [0x00000000e0000000, 0x00000000f7d80000, 0x0000000100000000)
  eden space 295424K, 100% used [0x00000000e0000000,0x00000000f2080000,0x00000000f2080000)
  from space 41984K, 0% used [0x00000000f4c80000,0x00000000f4c80000,0x00000000f7580000)
  to   space 45056K, 0% used [0x00000000f2080000,0x00000000f2080000,0x00000000f4c80000)
 ParOldGen       total 171520K, used 92453K [0x00000000a0000000, 0x00000000aa780000, 0x00000000e0000000)
  object space 171520K, 53% used [0x00000000a0000000,0x00000000a5a496b0,0x00000000aa780000)
 Metaspace       used 63388K, capacity 65078K, committed 65432K, reserved 1105920K
  class space    used 8089K, capacity 8483K, committed 8608K, reserved 1048576K
Event: 52.101 GC heap after
Heap after GC invocations=32 (full 5):
 PSYoungGen      total 340480K, used 39212K [0x00000000e0000000, 0x00000000fb780000, 0x0000000100000000)
  eden space 295424K, 0% used [0x00000000e0000000,0x00000000e0000000,0x00000000f2080000)
  from space 45056K, 87% used [0x00000000f2080000,0x00000000f46cb2c0,0x00000000f4c80000)
  to   space 50688K, 0% used [0x00000000f8600000,0x00000000f8600000,0x00000000fb780000)
 ParOldGen       total 171520K, used 92453K [0x00000000a0000000, 0x00000000aa780000, 0x00000000e0000000)
  object space 171520K, 53% used [0x00000000a0000000,0x00000000a5a496b0,0x00000000aa780000)
 Metaspace       used 63388K, capacity 65078K, committed 65432K, reserved 1105920K
  class space    used 8089K, capacity 8483K, committed 8608K, reserved 1048576K
}

